<?xml version="1.0" encoding="UTF-8"?>
<!-- Generated by org.testng.reporters.JUnitXMLReporter -->
<testsuite hostname="AFSWWNOXQGWU2X" ignored="0" name="Default test" tests="17" failures="0" timestamp="13 Dec 2021 14:32:53 GMT" time="26.409" errors="0">
  <testcase name="openWebApp" time="0.567" classname="com.edbootcamp.seleniumtest.SeleniumTest"/>
  <testcase name="registerNewUser" time="4.193" classname="com.edbootcamp.seleniumtest.SeleniumTest"/>
  <testcase name="goHomeAfterRegistering" time="0.344" classname="com.edbootcamp.seleniumtest.SeleniumTest"/>
  <testcase name="login" time="1.187" classname="com.edbootcamp.seleniumtest.SeleniumTest"/>
  <testcase name="newRecipe" time="0.86" classname="com.edbootcamp.seleniumtest.SeleniumTest"/>
  <testcase name="newIngredient" time="4.289" classname="com.edbootcamp.seleniumtest.SeleniumTest"/>
  <testcase name="newIntruction" time="1.149" classname="com.edbootcamp.seleniumtest.SeleniumTest"/>
  <testcase name="deleteIngredient" time="0.616" classname="com.edbootcamp.seleniumtest.SeleniumTest"/>
  <testcase name="editIngredient" time="2.457" classname="com.edbootcamp.seleniumtest.SeleniumTest"/>
  <testcase name="editRecipeName" time="1.203" classname="com.edbootcamp.seleniumtest.SeleniumTest"/>
  <testcase name="deleteLastIngredient" time="0.3" classname="com.edbootcamp.seleniumtest.SeleniumTest"/>
  <testcase name="deleteRecipe" time="0.308" classname="com.edbootcamp.seleniumtest.SeleniumTest"/>
  <testcase name="logout" time="0.334" classname="com.edbootcamp.seleniumtest.SeleniumTest"/>
  <testcase name="goHome" time="0.34" classname="com.edbootcamp.seleniumtest.SeleniumTest"/>
  <testcase name="logBackIn" time="1.01" classname="com.edbootcamp.seleniumtest.SeleniumTest"/>
  <testcase name="accountSettings" time="1.896" classname="com.edbootcamp.seleniumtest.SeleniumTest"/>
  <testcase name="loginNewCredentials" time="1.66" classname="com.edbootcamp.seleniumtest.SeleniumTest"/>
</testsuite> <!-- Default test -->
